0 info it worked if it ends with ok
1 verbose cli [ '/usr/bin/node', '/usr/bin/npm', 'install', 'http' ]
2 info using npm@1.2.32
3 info using node@v0.10.12
4 verbose node symlink /usr/bin/node
5 verbose read json /home/yuri/bitstarter/package.json
6 warn package.json node-example@0.0.1 No repository field.
7 warn package.json node-example@0.0.1 No readme data.
8 verbose read json /home/yuri/bitstarter/node_modules/express/package.json
9 verbose read json /home/yuri/bitstarter/node_modules/restler/package.json
10 verbose read json /home/yuri/bitstarter/node_modules/sleep/package.json
11 warn package.json restler@2.0.1 No repository field.
12 warn package.json sleep@1.1.1 'repositories' (plural) Not supported.
12 warn package.json Please pick one as the 'repository' field
13 verbose from cache /home/yuri/bitstarter/package.json
14 verbose readDependencies using package.json deps
15 verbose cache add [ 'http', null ]
16 verbose cache add name=undefined spec="http" args=["http",null]
17 verbose parsed url { protocol: null,
17 verbose parsed url   slashes: null,
17 verbose parsed url   auth: null,
17 verbose parsed url   host: null,
17 verbose parsed url   port: null,
17 verbose parsed url   hostname: null,
17 verbose parsed url   hash: null,
17 verbose parsed url   search: null,
17 verbose parsed url   query: null,
17 verbose parsed url   pathname: 'http',
17 verbose parsed url   path: 'http',
17 verbose parsed url   href: 'http' }
18 silly lockFile 77b5f8e3-http http
19 verbose lock http /root/.npm/77b5f8e3-http.lock
20 silly lockFile 77b5f8e3-http http
21 silly lockFile 77b5f8e3-http http
22 verbose addNamed [ 'http', '' ]
23 verbose addNamed [ null, '' ]
24 silly lockFile c1086ff9-http http@
25 verbose lock http@ /root/.npm/c1086ff9-http.lock
26 silly addNameRange { name: 'http', range: '', hasData: false }
27 verbose url raw http
28 verbose url resolving [ 'https://registry.npmjs.org/', './http' ]
29 verbose url resolved https://registry.npmjs.org/http
30 info trying registry request attempt 1 at 19:49:30
31 http GET https://registry.npmjs.org/http
32 http 404 https://registry.npmjs.org/http
33 silly registry.get cb [ 404,
33 silly registry.get   { server: 'CouchDB/1.3.0 (Erlang OTP/R15B03)',
33 silly registry.get     date: 'Sat, 13 Jul 2013 06:58:48 GMT',
33 silly registry.get     'content-type': 'application/json',
33 silly registry.get     'content-length': '52',
33 silly registry.get     'cache-control': 'must-revalidate' } ]
34 silly lockFile c1086ff9-http http@
35 silly lockFile c1086ff9-http http@
36 error 404 'http' is not in the npm registry.
36 error 404 You should bug the author to publish it
36 error 404
36 error 404 Note that you can also install from a
36 error 404 tarball, folder, or http url, or git url.
37 error System Linux 3.5.0-23-generic
38 error command "/usr/bin/node" "/usr/bin/npm" "install" "http"
39 error cwd /home/yuri/bitstarter
40 error node -v v0.10.12
41 error npm -v 1.2.32
42 error code E404
43 verbose exit [ 1, true ]
